<?xml version="1.0" encoding="UTF-8"?>
<!-- Generated by org.testng.reporters.JUnitReportReporter -->
<testsuite skipped="0" hostname="Rajitha" name="com.create4.execution.SaeInt_prjctstatus4_msdcsn_TS_57" tests="2" failures="0" timestamp="09 Apr 2018 18:38:29 GMT" time="741.665" errors="0">
  <testcase name="CRe4_1680" time="369.410" classname="com.create4.execution.SaeInt_prjctstatus4_msdcsn_TS_57"/>
  <testcase name="CRe4_1733" time="372.255" classname="com.create4.execution.SaeInt_prjctstatus4_msdcsn_TS_57"/>
</testsuite> <!-- com.create4.execution.SaeInt_prjctstatus4_msdcsn_TS_57 -->
