<?xml version="1.0" encoding="UTF-8"?>
<!-- Generated by org.testng.reporters.JUnitReportReporter -->
<testsuite skipped="0" hostname="Rajitha" name="com.create4.execution.Withexp_prjctstatus4_msdcsn_TS_51" tests="7" failures="0" timestamp="09 Apr 2018 18:38:29 GMT" time="1594.679" errors="0">
  <testcase name="CRe4_1236" time="232.199" classname="com.create4.execution.Withexp_prjctstatus4_msdcsn_TS_51"/>
  <testcase name="CRe4_1231" time="232.582" classname="com.create4.execution.Withexp_prjctstatus4_msdcsn_TS_51"/>
  <testcase name="CRe4_1226" time="228.153" classname="com.create4.execution.Withexp_prjctstatus4_msdcsn_TS_51"/>
  <testcase name="CRe4_1241" time="224.188" classname="com.create4.execution.Withexp_prjctstatus4_msdcsn_TS_51"/>
  <testcase name="CRe4_1251" time="226.391" classname="com.create4.execution.Withexp_prjctstatus4_msdcsn_TS_51"/>
  <testcase name="CRe4_1246" time="225.617" classname="com.create4.execution.Withexp_prjctstatus4_msdcsn_TS_51"/>
  <testcase name="CRe4_1221" time="225.549" classname="com.create4.execution.Withexp_prjctstatus4_msdcsn_TS_51"/>
</testsuite> <!-- com.create4.execution.Withexp_prjctstatus4_msdcsn_TS_51 -->
