<?xml version="1.0" encoding="UTF-8"?>
<!-- Generated by org.testng.reporters.JUnitReportReporter -->
<testsuite skipped="0" hostname="Rajitha" name="com.create4.execution.Comp_docstat_msdcsn_TS_85" tests="1" failures="0" timestamp="09 Apr 2018 08:09:16 GMT" time="360.619" errors="0">
  <testcase name="CRe4_1514_17_19_21" time="360.619" classname="com.create4.execution.Comp_docstat_msdcsn_TS_85"/>
</testsuite> <!-- com.create4.execution.Comp_docstat_msdcsn_TS_85 -->
