<?xml version="1.0" encoding="UTF-8"?>
<!-- Generated by org.testng.reporters.JUnitReportReporter -->
<testsuite skipped="0" hostname="Rajitha" name="com.create4.execution.Termexp_prjctstatus4_msdcsn_TS_56" tests="4" failures="0" timestamp="09 Apr 2018 18:38:29 GMT" time="1474.564" errors="0">
  <testcase name="CRe4_1601" time="371.821" classname="com.create4.execution.Termexp_prjctstatus4_msdcsn_TS_56"/>
  <testcase name="CRe4_1611" time="376.802" classname="com.create4.execution.Termexp_prjctstatus4_msdcsn_TS_56"/>
  <testcase name="CRe4_1606" time="366.203" classname="com.create4.execution.Termexp_prjctstatus4_msdcsn_TS_56"/>
  <testcase name="CRe4_1616" time="359.738" classname="com.create4.execution.Termexp_prjctstatus4_msdcsn_TS_56"/>
</testsuite> <!-- com.create4.execution.Termexp_prjctstatus4_msdcsn_TS_56 -->
