<?xml version="1.0" encoding="UTF-8"?>
<!-- Generated by org.testng.reporters.JUnitReportReporter -->
<testsuite skipped="0" hostname="Rajitha" name="com.create4.execution.Saefllw_docstat_msdcsn_TS_88" tests="1" failures="0" timestamp="09 Apr 2018 08:09:16 GMT" time="394.660" errors="0">
  <testcase name="CRe4_1741_44_46_48" time="394.660" classname="com.create4.execution.Saefllw_docstat_msdcsn_TS_88"/>
</testsuite> <!-- com.create4.execution.Saefllw_docstat_msdcsn_TS_88 -->
