<?xml version="1.0" encoding="UTF-8"?>
<!-- Generated by org.testng.reporters.JUnitReportReporter -->
<testsuite skipped="0" hostname="Rajitha" name="com.create4.execution.Annexures_add_TS_30" tests="4" failures="0" timestamp="12 Mar 2018 13:06:29 GMT" time="166.881" errors="0">
  <testcase name="CRe4_1121" time="42.264" classname="com.create4.execution.Annexures_add_TS_30"/>
  <testcase name="CRe4_1109" time="36.317" classname="com.create4.execution.Annexures_add_TS_30"/>
  <testcase name="CRe4_1111" time="42.723" classname="com.create4.execution.Annexures_add_TS_30"/>
  <testcase name="CRe4_1113__1116_1122" time="45.577" classname="com.create4.execution.Annexures_add_TS_30"/>
</testsuite> <!-- com.create4.execution.Annexures_add_TS_30 -->
