<?xml version="1.0" encoding="UTF-8"?>
<!-- Generated by org.testng.reporters.JUnitReportReporter -->
<testsuite skipped="0" hostname="Rajitha" name="com.create4.execution.Saeothr_docstat_msdcsn_TS_89" tests="1" failures="0" timestamp="09 Apr 2018 08:09:16 GMT" time="379.835" errors="0">
  <testcase name="CRe4_1820_23_25_27" time="379.835" classname="com.create4.execution.Saeothr_docstat_msdcsn_TS_89"/>
</testsuite> <!-- com.create4.execution.Saeothr_docstat_msdcsn_TS_89 -->
