<?xml version="1.0" encoding="UTF-8"?>
<!-- Generated by org.testng.reporters.JUnitReportReporter -->
<testsuite skipped="0" hostname="Rajitha" name="com.create4.execution.Saeothrexp_prjctstatus4_msdcsn_TS_59" tests="3" failures="0" timestamp="09 Apr 2018 18:38:29 GMT" time="1120.242" errors="0">
  <testcase name="CRe4_1828" time="372.153" classname="com.create4.execution.Saeothrexp_prjctstatus4_msdcsn_TS_59"/>
  <testcase name="CRe4_1833" time="375.348" classname="com.create4.execution.Saeothrexp_prjctstatus4_msdcsn_TS_59"/>
  <testcase name="CRe4_1883" time="372.741" classname="com.create4.execution.Saeothrexp_prjctstatus4_msdcsn_TS_59"/>
</testsuite> <!-- com.create4.execution.Saeothrexp_prjctstatus4_msdcsn_TS_59 -->
