<?xml version="1.0" encoding="UTF-8"?>
<!-- Generated by org.testng.reporters.JUnitReportReporter -->
<testsuite skipped="0" hostname="Rajitha" name="com.create4.execution.Dept_add_TS_12A" tests="2" failures="0" timestamp="10 Apr 2018 12:51:12 GMT" time="48.432" errors="0">
  <testcase name="CRe4_917_18_19_10" time="28.234" classname="com.create4.execution.Dept_add_TS_12A"/>
  <testcase name="CRe4_920" time="20.198" classname="com.create4.execution.Dept_add_TS_12A"/>
</testsuite> <!-- com.create4.execution.Dept_add_TS_12A -->
