<?xml version="1.0" encoding="UTF-8"?>
<!-- Generated by org.testng.reporters.JUnitReportReporter -->
<testsuite skipped="0" hostname="Rajitha" name="com.create4.execution.Cont_docstat_msdcsn_TS_84" tests="1" failures="0" timestamp="09 Apr 2018 08:09:16 GMT" time="354.574" errors="0">
  <testcase name="CRe4_1435_38_40_42" time="354.574" classname="com.create4.execution.Cont_docstat_msdcsn_TS_84"/>
</testsuite> <!-- com.create4.execution.Cont_docstat_msdcsn_TS_84 -->
