<?xml version="1.0" encoding="UTF-8"?>
<!-- Generated by org.testng.reporters.JUnitReportReporter -->
<testsuite skipped="0" hostname="Rajitha" name="com.create4.execution.Amnd_docstat_msdcsn_TS_82" tests="1" failures="0" timestamp="09 Apr 2018 08:09:16 GMT" time="353.636" errors="0">
  <testcase name="CRe4_1302_05_07_09" time="353.636" classname="com.create4.execution.Amnd_docstat_msdcsn_TS_82"/>
</testsuite> <!-- com.create4.execution.Amnd_docstat_msdcsn_TS_82 -->
