<?xml version="1.0" encoding="UTF-8"?>
<!-- Generated by org.testng.reporters.JUnitReportReporter -->
<testsuite skipped="0" hostname="Rajitha" name="com.create4.execution.Withdraw_prjctstatus4_msdcsn_TS_60" tests="2" failures="0" timestamp="09 Apr 2018 18:38:29 GMT" time="443.293" errors="0">
  <testcase name="CRe4_1899" time="220.578" classname="com.create4.execution.Withdraw_prjctstatus4_msdcsn_TS_60"/>
  <testcase name="CRe4_1904" time="222.715" classname="com.create4.execution.Withdraw_prjctstatus4_msdcsn_TS_60"/>
</testsuite> <!-- com.create4.execution.Withdraw_prjctstatus4_msdcsn_TS_60 -->
