<?xml version="1.0" encoding="UTF-8"?>
<!-- Generated by org.testng.reporters.JUnitReportReporter -->
<testsuite skipped="0" hostname="Rajitha" name="com.create4.execution.Saeint_docstat_msdcsn_TS_87" tests="1" failures="0" timestamp="09 Apr 2018 08:09:16 GMT" time="366.694" errors="0">
  <testcase name="CRe4_1672_75_77_79" time="366.694" classname="com.create4.execution.Saeint_docstat_msdcsn_TS_87"/>
</testsuite> <!-- com.create4.execution.Saeint_docstat_msdcsn_TS_87 -->
