<?xml version="1.0" encoding="UTF-8"?>
<!-- Generated by org.testng.reporters.JUnitReportReporter -->
<testsuite skipped="0" hostname="Rajitha" name="com.create4.execution.Qual_add_TS_14A" tests="2" failures="0" timestamp="10 Apr 2018 13:13:25 GMT" time="34.839" errors="0">
  <testcase name="CRe4_928" time="20.951" classname="com.create4.execution.Qual_add_TS_14A"/>
  <testcase name="CRe4_930" time="13.888" classname="com.create4.execution.Qual_add_TS_14A"/>
</testsuite> <!-- com.create4.execution.Qual_add_TS_14A -->
