<?xml version="1.0" encoding="UTF-8"?>
<!-- Generated by org.testng.reporters.JUnitReportReporter -->
<testsuite skipped="0" hostname="Rajitha" name="com.create4.execution.With_docstat_msdcsn_TS_90" tests="1" failures="0" timestamp="09 Apr 2018 08:09:16 GMT" time="183.926" errors="0">
  <testcase name="CRe4_1891_94_96_98" time="183.926" classname="com.create4.execution.With_docstat_msdcsn_TS_90"/>
</testsuite> <!-- com.create4.execution.With_docstat_msdcsn_TS_90 -->
