<?xml version="1.0" encoding="UTF-8"?>
<!-- Generated by org.testng.reporters.JUnitReportReporter -->
<testsuite skipped="0" hostname="Rajitha" name="com.create4.execution.Compexp_prjctstatus4_msdcsn_TS_55" tests="4" failures="0" timestamp="09 Apr 2018 18:38:29 GMT" time="1457.711" errors="0">
  <testcase name="CRe4_1532" time="375.645" classname="com.create4.execution.Compexp_prjctstatus4_msdcsn_TS_55"/>
  <testcase name="CRe4_1527" time="357.225" classname="com.create4.execution.Compexp_prjctstatus4_msdcsn_TS_55"/>
  <testcase name="CRe4_1522" time="361.172" classname="com.create4.execution.Compexp_prjctstatus4_msdcsn_TS_55"/>
  <testcase name="CRe4_1537" time="363.669" classname="com.create4.execution.Compexp_prjctstatus4_msdcsn_TS_55"/>
</testsuite> <!-- com.create4.execution.Compexp_prjctstatus4_msdcsn_TS_55 -->
