<?xml version="1.0" encoding="UTF-8"?>
<!-- Generated by org.testng.reporters.JUnitReportReporter -->
<testsuite skipped="0" hostname="Rajitha" name="com.create4.execution.Amndexp_prjctstatus4_msdcsn_TS_52" tests="5" failures="0" timestamp="09 Apr 2018 18:38:29 GMT" time="1853.070" errors="0">
  <testcase name="CRe4_1310" time="376.777" classname="com.create4.execution.Amndexp_prjctstatus4_msdcsn_TS_52"/>
  <testcase name="CRe4_1320" time="363.293" classname="com.create4.execution.Amndexp_prjctstatus4_msdcsn_TS_52"/>
  <testcase name="CRe4_1325" time="370.007" classname="com.create4.execution.Amndexp_prjctstatus4_msdcsn_TS_52"/>
  <testcase name="CRe4_1330" time="368.790" classname="com.create4.execution.Amndexp_prjctstatus4_msdcsn_TS_52"/>
  <testcase name="CRe4_1315" time="374.203" classname="com.create4.execution.Amndexp_prjctstatus4_msdcsn_TS_52"/>
</testsuite> <!-- com.create4.execution.Amndexp_prjctstatus4_msdcsn_TS_52 -->
