<?xml version="1.0" encoding="UTF-8"?>
<!-- Generated by org.testng.reporters.JUnitReportReporter -->
<testsuite skipped="0" hostname="Rajitha" name="com.create4.execution.Devexp_prjctstatus4_msdcsn_TS_53" tests="5" failures="0" timestamp="09 Apr 2018 18:38:29 GMT" time="1814.253" errors="0">
  <testcase name="CRe4_1399" time="370.189" classname="com.create4.execution.Devexp_prjctstatus4_msdcsn_TS_53"/>
  <testcase name="CRe4_1409" time="356.857" classname="com.create4.execution.Devexp_prjctstatus4_msdcsn_TS_53"/>
  <testcase name="CRe4_1404" time="358.983" classname="com.create4.execution.Devexp_prjctstatus4_msdcsn_TS_53"/>
  <testcase name="CRe4_1394" time="360.328" classname="com.create4.execution.Devexp_prjctstatus4_msdcsn_TS_53"/>
  <testcase name="CRe4_1389" time="367.896" classname="com.create4.execution.Devexp_prjctstatus4_msdcsn_TS_53"/>
</testsuite> <!-- com.create4.execution.Devexp_prjctstatus4_msdcsn_TS_53 -->
