<?xml version="1.0" encoding="UTF-8"?>
<!-- Generated by org.testng.reporters.JUnitReportReporter -->
<testsuite skipped="0" hostname="Rajitha" name="com.create4.execution.Conexp_prjctstatus4_msdcsn_TS_54" tests="4" failures="0" timestamp="09 Apr 2018 18:38:29 GMT" time="1469.817" errors="0">
  <testcase name="CRe4_1448" time="363.907" classname="com.create4.execution.Conexp_prjctstatus4_msdcsn_TS_54"/>
  <testcase name="CRe4_1453" time="371.491" classname="com.create4.execution.Conexp_prjctstatus4_msdcsn_TS_54"/>
  <testcase name="CRe4_1458" time="374.846" classname="com.create4.execution.Conexp_prjctstatus4_msdcsn_TS_54"/>
  <testcase name="CRe4_1443" time="359.573" classname="com.create4.execution.Conexp_prjctstatus4_msdcsn_TS_54"/>
</testsuite> <!-- com.create4.execution.Conexp_prjctstatus4_msdcsn_TS_54 -->
