<?xml version="1.0" encoding="UTF-8"?>
<!-- Generated by org.testng.reporters.JUnitReportReporter -->
<testsuite skipped="0" hostname="Rajitha" name="com.create4.execution.Saefllwexp_prjctstatus4_msdcsn_TS_58" tests="4" failures="0" timestamp="09 Apr 2018 18:38:29 GMT" time="1622.245" errors="0">
  <testcase name="CRe4_1754" time="396.510" classname="com.create4.execution.Saefllwexp_prjctstatus4_msdcsn_TS_58"/>
  <testcase name="CRe4_1807" time="426.113" classname="com.create4.execution.Saefllwexp_prjctstatus4_msdcsn_TS_58"/>
  <testcase name="CRe4_1749" time="398.935" classname="com.create4.execution.Saefllwexp_prjctstatus4_msdcsn_TS_58"/>
  <testcase name="CRe4_1812" time="400.687" classname="com.create4.execution.Saefllwexp_prjctstatus4_msdcsn_TS_58"/>
</testsuite> <!-- com.create4.execution.Saefllwexp_prjctstatus4_msdcsn_TS_58 -->
