<?xml version="1.0" encoding="UTF-8"?>
<!-- Generated by org.testng.reporters.JUnitReportReporter -->
<testsuite skipped="0" hostname="Rajitha" name="SamplePackage.UrlLaunching" tests="1" failures="0" timestamp="31 Jan 2018 06:32:08 GMT" time="12.971" errors="0">
  <testcase name="GoogleLaunch" time="12.971" classname="SamplePackage.UrlLaunching"/>
</testsuite> <!-- SamplePackage.UrlLaunching -->
